


positive

   Target Rank1 Rank2 Rank3 Rank4 Rank5
1    5c2h  5c2h  3ui7  3uuo  5c28  4llx
2    3uri  3uri  3pww  3prs  3wz8  2v00
3    4rfm  4rfm  4qd6  3qgy  4m0z  4m0y
4    4ty7  4x6p  4crc  4cra  4ty7  4cr9
5    4agq  5aba  5a7b  4agq  4agp  4agn
6    5dwr  4k18  5dwr  2c3i  3bgz  3jya
7    4twp  4twp  2v7a  3k5v  3pyy  3mss
8    3u8n  4qac  3u8n  3wtj  3u8k  3zdg
9    3p5o  3p5o  3u5j  4ogj  4wiv  4lzs
10   3ejr  3ejr  3dx2  3d4z  3dx1  1ps3
11   3ebp  3ebp  4eky  3syr  3g2n  3l7b
12   2vvn  2wca  2vvn  2w4x  2w66  2xj7
13   3arp  3arp  3ary  3arv  3arq  3aru
14   3gnw  3gnw  4eo8  3cj4  4ih5  4ih7
15   3f3e  4mme  3f3c  3f3d  3f3e  3f3a
16   2cet  2cet  2cbv  2wbg  2j7h  2j78
17   4gid  2vkm  4gid  4djv  3rsx  3udh
18   4pcs  2xii  4pcs  2wvt  4j28  4jfs
19   3ge7  3gc5  3ge7  1s38  3rr4  1r5y
20   3qqs  4gkm  3qqs  4owm  3r88  3twp
21   2r9w  4jxs  4kz6  2r9w  3gr2  3gv9
22   2qbp  2qbq  2qbp  2qbr  1bzc  2hb1
23   3ag9  1ydt  3ag9  1q8u  1ydr  1q8t
24   4tmn  4tmn  5tmn  1qf1  1z9g  3fcq
25   3coy  3coy  3coz  3ivg  4ddk  4ddh
26   2fvd  4eor  2fvd  2xnb  1pxn  3pxf
27   4ivc  4ivc  4ivd  4e5w  4ivb  4k77
28   4jia  4hge  4gfm  4jia  4e6q  4f09
29   1nvq  1nvq  3jvr  2brb  2br1  3jvs
30   2zcq  2zcq  2zcr  3acw  4ea2  2zy1
31   3utu  3utu  1oyt  2zda  3bv9  1bcu
32   2p4y  3fur  3b1m  2p4y  2yfe  3u9q
33   3myg  3e5a  3uo4  3up2  3myg  2wtv
34   1sqa  1sqa  1o5b  1owh  1c5z  3kgp
35   3dd0  3dd0  3ryj  2weg  4jsz  3kwa
36   2yki  2yki  3rlr  1yc1  3b27  2xdl
37   3g0w  3b5r  1z95  3b65  3g0w  3b68
38   2al5  1syi  1p1q  1p1n  2al5  4u4s
39   4de1  4de1  4de2  4de3  3g31  3g2z
40   3fv1  3fv1  3gbb  3fv2  1vso  4dld
41   2p15  2p15  2pog  2qe4  4mgd  1qkt
42   1mq6  1lpg  2xbv  1mq6  1z6e  2y5h
43   4f3c  4f3c  1y6r  4f2w  1nc1  1nc3
44   1o3f  1o3f  1k1i  3gy4  4abg  1uto
45   2vw5  2wer  2iwx  2vw5  2yge  2fxs
46   3kr8  4j3l  3kr8  4j21  4kzu  4kzq
47   2x00  2x00  2wnc  2xys  2wn9  2ymd
48   3nw9  3nw9  3oe5  3oe4  3ozt  3ozs
49   3zso  3zso  4cig  3ao4  3zsx  3zt2
50   2xb8  3n86  2xb8  3n76  4ciw  3n7a
51   4w9h  4w9l  4w9h  4w9c  4w9i  4bkt
52   3uex  3uex  3uew  3uev  3ueu  3nq9
53   4gr0  4gr0  3nx7  3tsk  3ehy  3lka
54   1u1b  1o0h  1w4o  1u1b  3d6q  3dxg

Summary of the ranking power: ===========================================
The Spearman correlation coefficient (SP) = 0.637
The Kendall correlation coefficient (tau) = 0.553
The Predictive index (PI) = 0.641
=========================================================================


Template command for running the bootstrap in R program==================

rm(list=ls());
require(boot);
data_all<-read.table("'X-Score'_Spearman.results",header=TRUE);
data<-as.matrix(data_all[,2]);
mymean<-function(x,indices) sum(x[indices])/54;
data.boot<-boot(aa,mymean,R=10000,stype="i",sim="ordinary");
sink("'X-Score'_Spearman-ci.results");
a<-boot.ci(data.boot,conf=0.9,type=c("bca"));
print(a);
sink();

=========================================================================

