


positive

   Target Rank1 Rank2 Rank3 Rank4 Rank5
1    5c2h  5c2h  3ui7  3uuo  5c28  4llx
2    3uri  3uri  3pww  3prs  3wz8  2v00
3    4rfm  4rfm  4qd6  3qgy  4m0z  4m0y
4    4ty7  4ty7  4x6p  4crc  4cra  4cr9
5    4agq  4agp  4agq  5a7b  4agn  5aba
6    5dwr  5dwr  4k18  2c3i  3jya  3bgz
7    4twp  4twp  2v7a  3pyy  3k5v  3mss
8    3u8n  3u8n  4qac  3u8k  3zdg  3wtj
9    3p5o  3p5o  4ogj  3u5j  4wiv  4lzs
10   3ejr  3ejr  3d4z  3dx2  1ps3  3dx1
11   3ebp  3syr  3ebp  4eky  3l7b  3g2n
12   2vvn  2wca  2vvn  2xj7  2w66  2w4x
13   3arp  3arp  3arq  3ary  3arv  3aru
14   3gnw  3gnw  4eo8  3cj4  4ih7  4ih5
15   3f3e  3f3d  3f3e  4mme  3f3c  3f3a
16   2cet  2j78  2cet  2cbv  2j7h  2wbg
17   4gid  4gid  2vkm  4djv  3rsx  3udh
18   4pcs  4pcs  2xii  2wvt  4j28  4jfs
19   3ge7  3ge7  3gc5  1r5y  3rr4  1s38
20   3qqs  4gkm  3qqs  3r88  3twp  4owm
21   2r9w  4jxs  2r9w  4kz6  3gr2  3gv9
22   2qbp  2qbp  2qbq  2qbr  2hb1  1bzc
23   3ag9  3ag9  1ydt  1q8u  1ydr  1q8t
24   4tmn  4tmn  5tmn  1qf1  1z9g  3fcq
25   3coy  3coy  4ddh  3coz  3ivg  4ddk
26   2fvd  2fvd  4eor  2xnb  1pxn  3pxf
27   4ivc  4ivc  4ivd  4ivb  4e5w  4k77
28   4jia  4jia  4e6q  4gfm  4hge  4f09
29   1nvq  1nvq  3jvs  2br1  2brb  3jvr
30   2zcq  2zcq  2zcr  4ea2  3acw  2zy1
31   3utu  3utu  2zda  1oyt  3bv9  1bcu
32   2p4y  3fur  3b1m  2p4y  2yfe  3u9q
33   3myg  3myg  3up2  2wtv  3e5a  3uo4
34   1sqa  1sqa  1owh  1o5b  1c5z  3kgp
35   3dd0  3dd0  3ryj  2weg  3kwa  4jsz
36   2yki  2yki  3rlr  1yc1  3b27  2xdl
37   3g0w  3g0w  3b65  3b5r  3b68  1z95
38   2al5  2al5  1p1n  1syi  1p1q  4u4s
39   4de1  4de1  4de3  3g31  4de2  3g2z
40   3fv1  3fv1  3fv2  3gbb  4dld  1vso
41   2p15  2p15  2qe4  2pog  1qkt  4mgd
42   1mq6  1mq6  1z6e  2xbv  1lpg  2y5h
43   4f3c  4f3c  4f2w  1y6r  1nc3  1nc1
44   1o3f  1o3f  1k1i  3gy4  4abg  1uto
45   2vw5  2wer  2vw5  2iwx  2fxs  2yge
46   3kr8  4j3l  4kzu  3kr8  4j21  4kzq
47   2x00  2x00  2xys  2wn9  2wnc  2ymd
48   3nw9  3oe4  3oe5  3nw9  3ozs  3ozt
49   3zso  4cig  3zso  3ao4  3zsx  3zt2
50   2xb8  3n86  3n76  3n7a  2xb8  4ciw
51   4w9h  4w9h  4w9l  4w9i  4w9c  4bkt
52   3uex  3uex  3uev  3uew  3ueu  3nq9
53   4gr0  4gr0  3nx7  3ehy  3tsk  3lka
54   1u1b  1u1b  1o0h  1w4o  3d6q  3dxg

Summary of the ranking power: ===========================================
The Spearman correlation coefficient (SP) = 0.850
The Kendall correlation coefficient (tau) = 0.778
The Predictive index (PI) = 0.773
=========================================================================


Template command for running the bootstrap in R program==================

rm(list=ls());
require(boot);
data_all<-read.table("'BESTIE'_Spearman.results",header=TRUE);
data<-as.matrix(data_all[,2]);
mymean<-function(x,indices) sum(x[indices])/54;
data.boot<-boot(aa,mymean,R=10000,stype="i",sim="ordinary");
sink("'BESTIE'_Spearman-ci.results");
a<-boot.ci(data.boot,conf=0.9,type=c("bca"));
print(a);
sink();

=========================================================================

