


positive

   Target Rank1 Rank2 Rank3 Rank4 Rank5
1    5c2h  5c2h  3ui7  3uuo  5c28  4llx
2    3uri  3pww  3prs  3uri  3wz8  2v00
3    4rfm  4rfm  4qd6  3qgy  4m0z  4m0y
4    4ty7  4x6p  4crc  4ty7  4cra  4cr9
5    4agq  5a7b  4agq  4agp  4agn  5aba
6    5dwr  4k18  5dwr  2c3i  3jya  3bgz
7    4twp  4twp  3k5v  2v7a  3pyy  3mss
8    3u8n  3u8n  4qac  3u8k  3zdg  3wtj
9    3p5o  3p5o  3u5j  4ogj  4wiv  4lzs
10   3ejr  3ejr  3dx2  3dx1  3d4z  1ps3
11   3ebp  3ebp  4eky  3syr  3l7b  3g2n
12   2vvn  2wca  2vvn  2xj7  2w4x  2w66
13   3arp  3arp  3arq  3ary  3aru  3arv
14   3gnw  3gnw  4eo8  3cj4  4ih7  4ih5
15   3f3e  4mme  3f3d  3f3c  3f3e  3f3a
16   2cet  2cet  2wbg  2j78  2j7h  2cbv
17   4gid  2vkm  4gid  4djv  3udh  3rsx
18   4pcs  2xii  4pcs  2wvt  4jfs  4j28
19   3ge7  3ge7  3gc5  1r5y  3rr4  1s38
20   3qqs  4gkm  3qqs  3r88  4owm  3twp
21   2r9w  4jxs  4kz6  3gr2  3gv9  2r9w
22   2qbp  2qbp  2qbq  2qbr  2hb1  1bzc
23   3ag9  3ag9  1ydt  1q8u  1ydr  1q8t
24   4tmn  4tmn  5tmn  1qf1  1z9g  3fcq
25   3coy  3coy  3coz  3ivg  4ddh  4ddk
26   2fvd  4eor  2fvd  2xnb  1pxn  3pxf
27   4ivc  4ivd  4ivc  4ivb  4e5w  4k77
28   4jia  4jia  4gfm  4e6q  4hge  4f09
29   1nvq  1nvq  3jvs  2br1  2brb  3jvr
30   2zcq  2zcq  4ea2  2zcr  2zy1  3acw
31   3utu  3utu  1oyt  2zda  3bv9  1bcu
32   2p4y  3b1m  3fur  2p4y  2yfe  3u9q
33   3myg  3myg  2wtv  3e5a  3up2  3uo4
34   1sqa  1sqa  1owh  1o5b  1c5z  3kgp
35   3dd0  3dd0  3ryj  2weg  3kwa  4jsz
36   2yki  2yki  3rlr  1yc1  3b27  2xdl
37   3g0w  3g0w  1z95  3b65  3b5r  3b68
38   2al5  1p1n  1syi  2al5  4u4s  1p1q
39   4de1  4de1  3g31  4de2  3g2z  4de3
40   3fv1  3fv1  3fv2  3gbb  4dld  1vso
41   2p15  2p15  2qe4  4mgd  1qkt  2pog
42   1mq6  1mq6  1z6e  2xbv  1lpg  2y5h
43   4f3c  4f3c  4f2w  1y6r  1nc3  1nc1
44   1o3f  1k1i  1o3f  3gy4  4abg  1uto
45   2vw5  2vw5  2wer  2iwx  2fxs  2yge
46   3kr8  4j3l  4kzu  4j21  3kr8  4kzq
47   2x00  2x00  2xys  2wnc  2wn9  2ymd
48   3nw9  3nw9  3oe5  3oe4  3ozs  3ozt
49   3zso  4cig  3zso  3ao4  3zsx  3zt2
50   2xb8  2xb8  3n86  3n7a  3n76  4ciw
51   4w9h  4w9l  4w9h  4w9c  4w9i  4bkt
52   3uex  3uex  3uew  3uev  3ueu  3nq9
53   4gr0  4gr0  3nx7  3ehy  3tsk  3lka
54   1u1b  1o0h  1w4o  1u1b  3d6q  3dxg

Summary of the ranking power: ===========================================
The Spearman correlation coefficient (SP) = 0.735
The Kendall correlation coefficient (tau) = 0.656
The Predictive index (PI) = 0.655
=========================================================================


Template command for running the bootstrap in R program==================

rm(list=ls());
require(boot);
data_all<-read.table("'BESTIE'_Spearman.results",header=TRUE);
data<-as.matrix(data_all[,2]);
mymean<-function(x,indices) sum(x[indices])/54;
data.boot<-boot(aa,mymean,R=10000,stype="i",sim="ordinary");
sink("'BESTIE'_Spearman-ci.results");
a<-boot.ci(data.boot,conf=0.9,type=c("bca"));
print(a);
sink();

=========================================================================

