     code  logKa  score
1    4llx   2.89   4.28
2    5c28   5.66   5.85
3    3uuo   7.96   6.22
4    3ui7   9.00   6.71
5    5c2h  11.09   8.45
6    2v00   3.66   4.88
7    3wz8   5.82   7.24
8    3pww   7.32   8.93
9    3prs   7.82   7.98
10   3uri   9.00   8.92
11   4m0z   5.19   6.72
12   4m0y   6.46   5.24
13   3qgy   7.80   7.52
14   4qd6   8.64   7.78
15   4rfm  10.05   9.60
16   4cr9   4.10   4.43
17   4cra   7.22   7.67
18   4x6p   8.30   9.48
19   4crc   8.72   9.06
20   4ty7   9.52   9.47
21   5aba   2.98   3.04
22   5a7b   3.57   4.34
23   4agn   3.97   4.07
24   4agp   4.69   4.86
25   4agq   5.01   5.06
26   3bgz   6.26   5.73
27   3jya   6.89   6.42
28   2c3i   7.60   7.79
29   4k18   8.96   8.54
30   5dwr  11.22   9.33
31   3mss   4.66   5.48
32   3k5v   6.30   6.78
33   3pyy   6.86   6.27
34   2v7a   8.30   6.64
35   4twp  10.00   9.11
36   3wtj   6.53   5.97
37   3zdg   7.10   7.27
38   3u8k   8.66   7.65
39   4qac   9.40   9.01
40   3u8n  10.17  10.03
41   1a30   4.30   5.10
42   2qnq   6.11   6.30
43   1g2k   7.96   8.49
44   3o9i  11.82  11.53
45   4lzs   4.80   5.50
46   3u5j   5.61   6.16
47   4wiv   6.26   5.50
48   4ogj   6.79   6.37
49   3p5o   7.30   6.86
50   1ps3   2.28   4.27
51   3dx1   3.58   3.69
52   3d4z   4.89   5.29
53   3dx2   6.82   5.33
54   3ejr   8.57   7.67
55   3l7b   2.40   4.78
56   4eky   3.52   6.52
57   3g2n   4.09   3.02
58   3syr   5.10   5.28
59   3ebp   5.91   5.43
60   2w66   4.05   5.33
61   2w4x   4.85   4.74
62   2wca   5.60   6.96
63   2xj7   6.66   5.91
64   2vvn   7.30   6.55
65   3aru   3.22   5.74
66   3arv   5.64   5.64
67   3ary   6.00   5.31
68   3arq   6.40   7.32
69   3arp   7.15   8.67
70   4ih5   4.11   4.29
71   4ih7   5.24   5.46
72   3cj4   6.51   4.89
73   4eo8   8.15   7.41
74   3gnw   9.10   8.88
75   1gpk   5.37   5.02
76   1gpn   6.48   6.73
77   1e66   9.89   9.97
78   3f3a   4.19   4.62
79   3f3c   6.02   6.31
80   4mme   6.50   7.03
81   3f3d   7.16   7.15
82   3f3e   7.70   7.03
83   2wbg   4.45   6.16
84   2cbv   5.48   7.39
85   2j78   6.42   7.25
86   2j7h   7.19   6.82
87   2cet   8.02   8.14
88   3udh   2.85   4.19
89   3rsx   4.41   5.15
90   4djv   6.72   7.31
91   2vkm   8.74  10.19
92   4gid  10.77  10.45
93   4jfs   5.27   6.48
94   4j28   5.70   6.96
95   2wvt   6.12   6.69
96   2xii   7.20   8.82
97   4pcs   7.85   8.85
98   3rr4   4.55   6.43
99   1s38   5.15   5.63
100  1r5y   6.46   6.30
101  3gc5   7.26   7.30
102  3ge7   8.70   8.20
103  4dli   5.62   6.22
104  2zb1   6.32   7.20
105  3e92   8.00   7.82
106  3e93   8.85   8.26
107  4owm   2.96   3.49
108  3twp   3.92   3.81
109  3r88   4.82   4.73
110  4gkm   5.17   5.70
111  3qqs   5.82   5.17
112  3gv9   2.12   4.14
113  3gr2   2.52   3.83
114  4kz6   3.10   4.72
115  4jxs   4.74   5.46
116  2r9w   5.10   4.50
117  2hb1   3.80   4.41
118  1bzc   4.92   4.42
119  2qbr   6.33   5.96
120  2qbq   7.44   7.01
121  2qbp   8.40   8.61
122  1q8t   4.76   5.56
123  1ydr   5.52   5.93
124  1q8u   5.96   7.05
125  1ydt   7.32   6.99
126  3ag9   8.05   7.77
127  3fcq   2.77   4.65
128  1z9g   5.64   5.92
129  1qf1   7.32   6.45
130  5tmn   8.04   9.07
131  4tmn  10.17  10.29
132  4ddk   2.29   2.92
133  4ddh   3.32   5.46
134  3ivg   4.30   5.13
135  3coz   5.57   5.54
136  3coy   6.02   6.63
137  3pxf   4.43   5.11
138  4eor   6.30   7.15
139  2xnb   6.83   7.23
140  1pxn   7.15   5.54
141  2fvd   8.52   7.72
142  4k77   6.63   6.00
143  4e5w   7.66   8.13
144  4ivb   8.72   8.77
145  4ivd   9.52   9.79
146  4ivc  10.00   9.81
147  4f09   6.70   6.50
148  4gfm   7.22   7.06
149  4hge   7.92   6.94
150  4e6q   8.36   7.42
151  4jia   9.22   7.97
152  2brb   4.86   6.32
153  2br1   5.14   6.53
154  3jvr   5.72   6.23
155  3jvs   6.54   6.70
156  1nvq   8.25   8.30
157  3acw   4.76   6.57
158  4ea2   6.44   6.51
159  2zcr   6.87   6.71
160  2zy1   7.40   6.39
161  2zcq   8.82   8.26
162  1bcu   3.28   3.39
163  3bv9   5.36   6.16
164  1oyt   7.24   6.92
165  2zda   8.40   6.83
166  3utu  10.92  10.79
167  3u9q   4.38   4.34
168  2yfe   6.63   6.19
169  3fur   8.00  10.21
170  3b1m   8.48   8.88
171  2p4y   9.00   7.45
172  3uo4   6.52   6.84
173  3up2   7.40   7.71
174  3e5a   8.23   7.85
175  2wtv   8.74   8.12
176  3myg  10.70   9.52
177  3kgp   2.57   2.85
178  1c5z   4.01   5.41
179  1o5b   5.77   7.43
180  1owh   7.40   7.87
181  1sqa   9.21   8.55
182  4jsz   2.30   2.74
183  3kwa   4.08   4.97
184  2weg   6.50   6.84
185  3ryj   7.80   7.87
186  3dd0   9.00   9.01
187  2xdl   3.10   6.13
188  3b27   5.16   5.59
189  1yc1   6.17   7.55
190  3rlr   7.52   7.97
191  2yki   9.46   9.40
192  1z95   7.12   7.98
193  3b68   8.40   8.49
194  3b5r   8.77   8.75
195  3b65   9.27   8.89
196  3g0w   9.52   9.70
197  4u4s   2.92   6.73
198  1p1q   4.89   6.19
199  1syi   5.44   7.83
200  1p1n   6.80   6.96
201  2al5   8.40   7.47
202  3g2z   2.36   3.35
203  3g31   2.89   4.27
204  4de2   4.12   4.57
205  4de3   5.52   5.46
206  4de1   5.96   5.40
207  1vso   4.72   5.58
208  4dld   5.82   6.43
209  3gbb   6.90   7.97
210  3fv2   8.11   8.87
211  3fv1   9.30  11.40
212  4mgd   4.69   6.08
213  2qe4   7.96   7.42
214  1qkt   9.04   5.59
215  2pog   9.54   6.27
216  2p15  10.30   9.36
217  2y5h   5.79   6.65
218  1lpg   7.09   8.13
219  2xbv   8.43   8.59
220  1z6e   9.72   9.59
221  1mq6  11.15  10.07
222  1nc3   5.00   7.62
223  1nc1   6.12   5.83
224  1y6r  10.11   8.10
225  4f2w  11.30  10.36
226  4f3c  11.82  11.44
227  1uto   2.27   4.11
228  4abg   3.57   4.06
229  3gy4   5.10   4.20
230  1k1i   6.58   6.93
231  1o3f   7.96   7.61
232  2yge   5.06   4.72
233  2fxs   6.06   5.29
234  2iwx   6.68   7.04
235  2wer   7.05   7.67
236  2vw5   8.52   7.50
237  4kzq   6.10   5.36
238  4kzu   6.50   6.75
239  4j21   7.41   6.74
240  4j3l   7.80   7.69
241  3kr8   8.10   6.30
242  2ymd   3.16   5.31
243  2wnc   6.32   6.66
244  2xys   7.42   7.24
245  2wn9   8.52   6.88
246  2x00  11.33   7.88
247  3ozt   4.13   4.32
248  3ozs   5.33   4.72
249  3oe5   6.88   7.11
250  3oe4   7.47   7.72
251  3nw9   9.00   8.00
252  3ao4   2.07   4.10
253  3zt2   2.84   3.50
254  3zsx   3.28   4.66
255  4cig   3.67   4.34
256  3zso   5.12   5.14
257  3n7a   3.70   5.58
258  4ciw   4.82   4.98
259  3n86   5.64   6.49
260  3n76   6.85   6.16
261  2xb8   7.59   5.91
262  4bkt   3.62   4.30
263  4w9c   4.65   5.54
264  4w9l   5.02   6.38
265  4w9i   5.96   5.31
266  4w9h   6.73   6.53
267  3nq9   4.03   4.37
268  3ueu   5.24   5.51
269  3uev   5.89   6.65
270  3uew   6.31   6.21
271  3uex   6.92   6.46
272  3lka   2.82   2.82
273  3ehy   5.85   5.34
274  3tsk   7.17   5.63
275  3nx7   8.10   7.38
276  4gr0   9.55  11.00
277  3dxg   2.40   3.65
278  3d6q   3.76   3.82
279  1w4o   5.22   4.96
280  1o0h   5.92   6.62
281  1u1b   7.80   7.61

Summary of the scoring power: ===================================
The regression equation: logKa = 1.06 + -0.61 * Score
Number of favorable sample (N) = 281
Pearson correlation coefficient (R) = 0.877
Standard deviation in fitting (SD) = 1.05
=================================================================

Template command for running the bootstrap in R program==========

rm(list=ls());
require(boot);
data_all<-read.table("'BESTIE'_processed_score",header=TRUE);
aa<-c(1:nrow(data_all));

mycore<-function(x,indices)
{
data_1<-matrix(NA,281,2);
for(i in 1:281);
    {
        data_1[i,1]=data_all[x[indices][i],2];
        data_1[i,2]=data_all[x[indices][i],3];
    }
        data_2<-data.frame(data_1);
        names(data_2)<-c("a","b");
        cor(data_2$a,data_2$b);
};

data.boot<-boot(aa,mycore,R=10000,stype="i",sim="ordinary");
sink("'BESTIE'-ci.results");
a<-boot.ci(data.boot,conf=0.9,type=c("bca"));
print(a);
sink();

=================================================================
